<?xml version="1.0" encoding="UTF-8"?>
<testng-results ignored="0" total="1" passed="1" failed="0" skipped="0">
  <reporter-output>
  </reporter-output>
  <suite started-at="2022-07-21T16:35:26 IST" name="Default suite" finished-at="2022-07-21T16:35:43 IST" duration-ms="17550">
    <groups>
    </groups>
    <test started-at="2022-07-21T16:35:26 IST" name="Default test" finished-at="2022-07-21T16:35:43 IST" duration-ms="17550">
      <class name="maven.sample">
        <test-method is-config="true" signature="beforeTest()[pri:0, instance:maven.sample@17497425]" started-at="2022-07-21T16:35:26 IST" name="beforeTest" finished-at="2022-07-21T16:35:35 IST" duration-ms="8906" status="PASS">
          <reporter-output>
          </reporter-output>
        </test-method> <!-- beforeTest -->
        <test-method signature="f()[pri:0, instance:maven.sample@17497425]" started-at="2022-07-21T16:35:35 IST" name="f" finished-at="2022-07-21T16:35:43 IST" duration-ms="8230" status="PASS">
          <reporter-output>
          </reporter-output>
        </test-method> <!-- f -->
        <test-method is-config="true" signature="afterTest()[pri:0, instance:maven.sample@17497425]" started-at="2022-07-21T16:35:43 IST" name="afterTest" finished-at="2022-07-21T16:35:43 IST" duration-ms="316" status="PASS">
          <reporter-output>
          </reporter-output>
        </test-method> <!-- afterTest -->
      </class> <!-- maven.sample -->
    </test> <!-- Default test -->
  </suite> <!-- Default suite -->
</testng-results>
