<?xml version="1.0" encoding="UTF-8"?>
<testng-results ignored="0" total="1" passed="1" failed="0" skipped="0">
  <reporter-output>
  </reporter-output>
  <suite started-at="2022-07-21T16:48:10 IST" name="Surefire suite" finished-at="2022-07-21T16:52:07 IST" duration-ms="236780">
    <groups>
    </groups>
    <test started-at="2022-07-21T16:48:10 IST" name="Surefire test" finished-at="2022-07-21T16:52:07 IST" duration-ms="236780">
      <class name="maven.sample">
        <test-method is-config="true" signature="beforeTest()[pri:0, instance:maven.sample@610f7aa]" started-at="2022-07-21T16:48:10 IST" name="beforeTest" finished-at="2022-07-21T16:50:10 IST" duration-ms="120218" status="PASS">
          <reporter-output>
          </reporter-output>
        </test-method> <!-- beforeTest -->
        <test-method signature="f()[pri:0, instance:maven.sample@610f7aa]" started-at="2022-07-21T16:50:10 IST" name="f" finished-at="2022-07-21T16:52:07 IST" duration-ms="116049" status="PASS">
          <reporter-output>
          </reporter-output>
        </test-method> <!-- f -->
        <test-method is-config="true" signature="afterTest()[pri:0, instance:maven.sample@610f7aa]" started-at="2022-07-21T16:52:07 IST" name="afterTest" finished-at="2022-07-21T16:52:07 IST" duration-ms="406" status="PASS">
          <reporter-output>
          </reporter-output>
        </test-method> <!-- afterTest -->
      </class> <!-- maven.sample -->
    </test> <!-- Surefire test -->
  </suite> <!-- Surefire suite -->
</testng-results>
